Build started 6/4/2014 8:42:27 AM.
     1>Project "C:\Snuff\src\snuffbox\snuffbox.vcxproj" on node 2 (Build target(s)).
     1>ClCompile:
         C:\Program Files (x86)\Microsoft Visual Studio 12.0\VC\bin\x86_amd64\CL.exe /c /IC:\V8\include /I"C:\Program Files (x86)\Microsoft DirectX SDK (June 2010)\\Include" /Zi /nologo /W3 /WX- /sdl /Od /D WIN32 /D _DEBUG /D _WINDOWS /D _MBCS /Gm /EHsc /RTC1 /MTd /GS /fp:precise /Zc:wchar_t /Zc:forScope /Fo"x64\Debug\\" /Fd"x64\Debug\vc120.pdb" /Gd /TP /errorReport:prompt content\content.cc content\content_manager.cc d3d11\d3d11_display_device.cc d3d11\d3d11_shader.cc d3d11\d3d11_texture.cc d3d11\elements\billboard_element.cc d3d11\elements\quad_element.cc d3d11\elements\terrain_element.cc game.cc js\js_state_wrapper.cc networking\connection.cc win32\win32_file_watch.cc win32\win32_window.cc
         d3d11_display_device.cc
     1>d3d11\d3d11_display_device.cc(506): error C3867: 'snuffbox::RenderElement::distanceFromCamera': function call missing argument list; use '&snuffbox::RenderElement::distanceFromCamera' to create a pointer to member
     1>d3d11\d3d11_display_device.cc(506): error C2296: '>' : illegal, left operand has type 'float (__cdecl snuffbox::RenderElement::* )(void)'
     1>d3d11\d3d11_display_device.cc(506): error C2297: '>' : illegal, right operand has type 'float (__cdecl snuffbox::RenderElement::* )(void)'
     1>d3d11\d3d11_display_device.cc(577): error C3867: 'snuffbox::RenderElement::translation': function call missing argument list; use '&snuffbox::RenderElement::translation' to create a pointer to member
     1>d3d11\d3d11_display_device.cc(577): error C2679: binary '=' : no operator found which takes a right-hand operand of type 'overloaded-function' (or there is no acceptable conversion)
                 C:\Program Files (x86)\Microsoft Visual Studio 12.0\VC\include\xmmintrin.h(70): could be '__m128 &__m128::operator =(const __m128 &)'
                 while trying to match the argument list '(XMVECTOR, overloaded-function)'
         Generating Code...
         Compiling...
         content.cc
         Generating Code...
         Compiling...
         win32_window.cc
         win32_file_watch.cc
         connection.cc
         js_state_wrapper.cc
         game.cc
         terrain_element.cc
         quad_element.cc
         billboard_element.cc
         d3d11_texture.cc
         d3d11_shader.cc
         content_manager.cc
         Generating Code...
     1>Done Building Project "C:\Snuff\src\snuffbox\snuffbox.vcxproj" (Build target(s)) -- FAILED.

Build FAILED.

Time Elapsed 00:00:19.99
